/*C3*/SET SCHEMA PUBLIC
INSERT INTO SPIELE VALUES(75,'Team fungi','',0)
COMMIT
/*C8*/SET SCHEMA PUBLIC
INSERT INTO SAETZE VALUES(75,0,'rocket','rocket',' 30 50 11 12 51 40 31 53 03 21',' -1-1 10 20 60 00 52 01 61 02 62')
COMMIT
/*C13*/SET SCHEMA PUBLIC
INSERT INTO SAETZE VALUES(75,1,'fungi','rocket',' 10 11 12 13',' 50 20 51 40')
COMMIT
/*C19*/SET SCHEMA PUBLIC
INSERT INTO SAETZE VALUES(75,2,'rocket','rocket',' 30 31 32 33',' 40 20 41 60')
COMMIT
/*C23*/SET SCHEMA PUBLIC
INSERT INTO SPIELE VALUES(76,'Team claire','',0)
COMMIT
/*C24*/SET SCHEMA PUBLIC
INSERT INTO SAETZE VALUES(76,0,'rocket','rocket',' 30 41 33 50 42 35 44 51 21 52 03 23 24',' 40 31 32 34 00 60 43 01 20 22 02 53 45')
COMMIT
/*C25*/SET SCHEMA PUBLIC
INSERT INTO SAETZE VALUES(76,1,'claire','rocket',' 30 50 41 31 32 33',' -1-1 40 00 10 60 61')
COMMIT
/*C26*/SET SCHEMA PUBLIC
INSERT INTO SAETZE VALUES(76,2,'rocket','rocket',' 30 31 21 32 51 34 03 35 40 11 12',' -1-1 00 20 50 33 01 02 10 60 41 22')
COMMIT
/*C30*/SET SCHEMA PUBLIC
INSERT INTO SPIELE VALUES(77,'Team lauba','',0)
COMMIT
/*C31*/SET SCHEMA PUBLIC
INSERT INTO SAETZE VALUES(77,0,'lauba','rocket',' 40 41 21 30 31 11',' 50 10 20 22 51 00')
COMMIT
/*C32*/SET SCHEMA PUBLIC
INSERT INTO SAETZE VALUES(77,1,'rocket','rocket',' 30 41 31 42 32 12 20 22',' -1-1 40 10 60 11 33 50 21')
COMMIT
/*C33*/SET SCHEMA PUBLIC
INSERT INTO SAETZE VALUES(77,2,'rocket','rocket',' 10 30 31 21 41 33 51',' 00 40 20 11 22 32 50')
COMMIT
